<?xml version="1.0" encoding="UTF-8"?>
<!-- Generated by org.testng.reporters.JUnitXMLReporter -->
<testsuite ignored="0" hostname="DESKTOP-6LKFOD8" failures="0" tests="27" name="LoginAndHomePageTest" time="113.228" errors="0" timestamp="2025-10-15T01:41:49 IST">
  <testcase classname="LogInPageTest" name="testLogInPageUI" time="5.601"/>
  <testcase classname="HeaderSection" name="HeaderSectionUI" time="5.036"/>
  <testcase classname="HomePageTest" name="TestHomePageHeading" time="2.836"/>
  <testcase classname="MovieDetailsPageTest" name="TestMovieDetailPage" time="1.249"/>
  <testcase classname="PopularPageTest" name="PopularPageUI" time="3.365"/>
  <testcase classname="AccountPageTest" name="TestAccountPageUiElements" time="4.74"/>
  <testcase classname="LogInPageTest" name="testLogInPageWithEmptyInputs" time="5.278"/>
  <testcase classname="HeaderSection" name="HeaderSectionFunctionalities" time="0.975"/>
  <testcase classname="HomePageTest" name="testTrendingAndOriginalMoviesDisplayed" time="0.853"/>
  <testcase classname="AccountPageTest" name="LogOutFunctionality" time="2.364"/>
  <testcase classname="SearchPageTest" name="SearchFunctionality" time="32.695"/>
  <testcase classname="PopularPageTest" name="movieSearch" time="7.297"/>
  <testcase classname="MovieDetailsPageTest" name="TestMovieDetailCategoriesContainer" time="7.615"/>
  <testcase classname="LogInPageTest" name="testLogInWithEmptyUserName" time="5.538"/>
  <testcase classname="HomePageTest" name="testContactUsDisplayed" time="1.79"/>
  <testcase classname="SearchPageTest" name="FailureSearchFunctionality" time="2.212"/>
  <testcase classname="MovieDetailsPageTest" name="footerContainer" time="2.603"/>
  <testcase classname="LogInPageTest" name="testLogInPageWithEmptyPassWord" time="1.201"/>
  <testcase classname="HomePageTest" name="MovieTestFunctionalityLinkCount" time="0.051"/>
  <testcase classname="LogInPageTest" name="testLogInPageWithInvalidCredentials" time="2.343"/>
  <testcase classname="MovieDetailsPageTest" name="similarMovieContainer" time="0.759"/>
  <testcase classname="HomePageTest" name="MovieTestActiveSlideCount" time="0.483"/>
  <testcase classname="LogInPageTest" name="testLogInPageWithValidCredentials" time="1.376"/>
  <testcase classname="HomePageTest" name="MovieTestPrintPosterTest" time="0.386"/>
  <testcase classname="HomePageTest" name="MovieTestIsDunePosterVisible" time="0.086"/>
  <testcase classname="HomePageTest" name="MovieTestisSlideIndexThreeVisible" time="0.036"/>
  <testcase classname="HomePageTest" name="Buttonclick" time="0.355"/>
</testsuite> <!-- LoginAndHomePageTest -->
