<?xml version="1.0" encoding="UTF-8"?>
<!-- Generated by org.testng.reporters.JUnitReportReporter -->
<testsuite hostname="DESKTOP-6LKFOD8" failures="0" tests="4" name="MovieDetailsPageTest" time="88.331" errors="0" timestamp="2025-10-15T01:41:50 IST" skipped="0">
  <testcase classname="MovieDetailsPageTest" name="TestMovieDetailPage" time="18.202"/>
  <testcase classname="MovieDetailsPageTest" name="TestMovieDetailCategoriesContainer" time="14.427"/>
  <testcase classname="MovieDetailsPageTest" name="footerContainer" time="25.115"/>
  <testcase classname="MovieDetailsPageTest" name="similarMovieContainer" time="30.587"/>
</testsuite> <!-- MovieDetailsPageTest -->
