<?xml version="1.0" encoding="UTF-8"?>
<!-- Generated by org.testng.reporters.JUnitReportReporter -->
<testsuite hostname="DESKTOP-6LKFOD8" failures="0" tests="6" name="LogInPageTest" time="94.336" errors="0" timestamp="2025-10-15T01:41:50 IST" skipped="0">
  <testcase classname="LogInPageTest" name="testLogInPageUI" time="17.055"/>
  <testcase classname="LogInPageTest" name="testLogInPageWithEmptyInputs" time="28.037"/>
  <testcase classname="LogInPageTest" name="testLogInWithEmptyUserName" time="18.413"/>
  <testcase classname="LogInPageTest" name="testLogInPageWithEmptyPassWord" time="6.099"/>
  <testcase classname="LogInPageTest" name="testLogInPageWithInvalidCredentials" time="8.744"/>
  <testcase classname="LogInPageTest" name="testLogInPageWithValidCredentials" time="15.988"/>
</testsuite> <!-- LogInPageTest -->
