<?xml version="1.0" encoding="UTF-8"?>
<!-- Generated by org.testng.reporters.JUnitReportReporter -->
<testsuite hostname="DESKTOP-6LKFOD8" failures="0" tests="9" name="HomePageTest" time="112.824" errors="0" timestamp="2025-10-15T01:41:50 IST" skipped="0">
  <testcase classname="HomePageTest" name="TestHomePageHeading" time="20.087"/>
  <testcase classname="HomePageTest" name="testTrendingAndOriginalMoviesDisplayed" time="7.070"/>
  <testcase classname="HomePageTest" name="testContactUsDisplayed" time="7.943"/>
  <testcase classname="HomePageTest" name="MovieTestFunctionalityLinkCount" time="6.323"/>
  <testcase classname="HomePageTest" name="MovieTestActiveSlideCount" time="4.512"/>
  <testcase classname="HomePageTest" name="MovieTestPrintPosterTest" time="5.900"/>
  <testcase classname="HomePageTest" name="MovieTestIsDunePosterVisible" time="10.486"/>
  <testcase classname="HomePageTest" name="MovieTestisSlideIndexThreeVisible" time="27.243"/>
  <testcase classname="HomePageTest" name="Buttonclick" time="23.260"/>
</testsuite> <!-- HomePageTest -->
